<?xml version="1.0" encoding="UTF-8"?>
<testng-results ignored="0" total="1" passed="1" failed="0" skipped="0">
  <reporter-output>
  </reporter-output>
  <suite started-at="2022-11-05T15:48:40 IST" name="Default suite" finished-at="2022-11-05T15:48:45 IST" duration-ms="4344">
    <groups>
    </groups>
    <test started-at="2022-11-05T15:48:40 IST" name="Default test" finished-at="2022-11-05T15:48:45 IST" duration-ms="4344">
      <class name="authentication.BasicAuth">
        <test-method signature="basicAuth()[pri:0, instance:authentication.BasicAuth@157853da]" started-at="2022-11-05T15:48:41 IST" name="basicAuth" finished-at="2022-11-05T15:48:45 IST" duration-ms="4275" status="PASS">
          <reporter-output>
          </reporter-output>
        </test-method> <!-- basicAuth -->
      </class> <!-- authentication.BasicAuth -->
    </test> <!-- Default test -->
  </suite> <!-- Default suite -->
</testng-results>
